2025-02-28 09:15:00 | INFO | repo=system-int | action=commit
2025-03-27 20:34:00 | INFO | repo=system-int | action=pull
2025-03-21 20:41:00 | DEBUG | repo=system-int | action=edit | files=2
2025-01-14 20:20:00 | INFO | repo=system-int | action=commit
2025-07-18 19:04:00 | INFO | repo=system-int | action=commit
2025-01-19 11:40:00 | INFO | repo=system-int | action=test | passed=true
2025-09-10 11:42:00 | DEBUG | repo=system-int | action=commit
2025-10-06 18:33:00 | DEBUG | repo=system-int | action=edit | files=3
2025-08-10 15:15:00 | DEBUG | repo=system-int | action=commit
2025-12-01 12:38:00 | WARN | repo=system-int | action=commit
2025-04-11 13:38:00 | WARN | repo=system-int | action=commit
2025-05-17 08:25:00 | DEBUG | repo=system-int | action=test | passed=true
2025-09-02 12:40:00 | INFO | repo=system-int | action=commit
2025-10-03 21:16:00 | WARN | repo=system-int | action=commit
2025-05-23 16:47:00 | DEBUG | repo=system-int | action=commit
2025-12-11 07:02:00 | INFO | repo=system-int | action=commit
2025-11-21 16:54:00 | DEBUG | repo=system-int | action=commit
2025-02-25 12:19:00 | WARN | repo=system-int | action=commit
2025-12-28 15:37:00 | WARN | repo=system-int | action=commit
2025-04-03 11:52:00 | INFO | repo=system-int | action=commit
2025-10-08 13:37:00 | INFO | repo=system-int | action=commit
2025-02-10 20:18:00 | WARN | repo=system-int | action=commit
2025-10-14 17:47:00 | WARN | repo=system-int | action=commit
2025-03-05 11:07:00 | DEBUG | repo=system-int | action=commit
2025-08-05 15:25:00 | WARN | repo=system-int | action=test | passed=true
2025-12-26 13:33:00 | WARN | repo=system-int | action=test | passed=true
2025-11-05 13:11:00 | WARN | repo=system-int | action=commit
2025-09-02 20:41:00 | DEBUG | repo=system-int | action=test | passed=true
2025-08-05 14:17:00 | DEBUG | repo=system-int | action=test | passed=true
2025-08-19 17:41:00 | DEBUG | repo=system-int | action=commit
2025-04-23 11:40:00 | DEBUG | repo=system-int | action=test | passed=true
2025-01-25 19:46:00 | DEBUG | repo=system-int | action=pull
2025-01-14 07:46:00 | DEBUG | repo=system-int | action=pull
2025-05-25 08:17:00 | INFO | repo=system-int | action=edit | files=5
2025-07-06 09:00:00 | WARN | repo=system-int | action=commit
2025-09-21 14:57:00 | DEBUG | repo=system-int | action=test | passed=true
2025-06-27 08:55:00 | DEBUG | repo=system-int | action=commit
2025-10-12 07:45:00 | INFO | repo=system-int | action=commit
2025-03-25 16:32:00 | DEBUG | repo=system-int | action=pull
2025-06-12 15:59:00 | WARN | repo=system-int | action=edit | files=4
2025-06-04 17:39:00 | INFO | repo=system-int | action=pull
2025-09-10 14:00:00 | INFO | repo=system-int | action=test | passed=true
2025-06-20 19:34:00 | DEBUG | repo=system-int | action=commit
2025-01-11 17:50:00 | DEBUG | repo=system-int | action=pull
2025-08-10 17:50:00 | WARN | repo=system-int | action=pull
2025-03-21 11:13:00 | DEBUG | repo=system-int | action=commit
2025-03-16 07:51:00 | DEBUG | repo=system-int | action=commit
2025-10-01 13:41:00 | DEBUG | repo=system-int | action=commit
2025-08-06 21:14:00 | DEBUG | repo=system-int | action=commit
2025-06-19 19:56:00 | INFO | repo=system-int | action=commit
2025-02-23 21:56:00 | INFO | repo=system-int | action=pull
2025-02-13 21:40:00 | DEBUG | repo=system-int | action=commit
2025-08-02 12:49:00 | INFO | repo=system-int | action=commit
2025-07-21 10:55:00 | DEBUG | repo=system-int | action=edit | files=3
2025-07-15 16:58:00 | DEBUG | repo=system-int | action=commit
2025-10-06 14:28:00 | WARN | repo=system-int | action=test | passed=true
2025-06-23 08:25:00 | WARN | repo=system-int | action=commit
2025-08-25 08:52:00 | DEBUG | repo=system-int | action=pull
2025-12-28 21:31:00 | INFO | repo=system-int | action=commit
2025-07-18 16:03:00 | INFO | repo=system-int | action=test | passed=true
2025-07-06 07:00:00 | DEBUG | repo=system-int | action=pull
2025-11-08 07:26:00 | INFO | repo=system-int | action=commit
2025-01-06 08:53:00 | DEBUG | repo=system-int | action=commit
2025-01-16 18:35:00 | DEBUG | repo=system-int | action=commit
2025-12-02 15:26:00 | WARN | repo=system-int | action=commit
2025-07-02 20:42:00 | DEBUG | repo=system-int | action=commit
